<?xml version="1.0"?>
<!DOCTYPE coverage SYSTEM "http://cobertura.sourceforge.net/xml/coverage-04.dtd">

<coverage line-rate="0.75" branch-rate="0.5" lines-covered="3" lines-valid="4" branches-covered="1" branches-valid="2" complexity="3.0" version="2.1.1" timestamp="1573048829836">
	<sources>
		<source>--source</source>
		<source>/Users/samb028453/Documents/PROJETS/projetsJava/example-java-maven/src/main/java</source>
	</sources>
	<packages>
		<package name="org.jacoco.examples.maven.java" line-rate="0.75" branch-rate="0.5" complexity="3.0">
			<classes>
				<class name="org.jacoco.examples.maven.java.HelloWorld" filename="org/jacoco/examples/maven/java/HelloWorld.java" line-rate="0.75" branch-rate="0.5" complexity="3.0">
					<methods>
						<method name="&lt;init&gt;" signature="()V" line-rate="1.0" branch-rate="1.0" complexity="0">
							<lines>
								<line number="3" hits="1" branch="false"/>
							</lines>
						</method>
						<method name="getMessage" signature="(Z)Ljava/lang/String;" line-rate="0.6666666666666666" branch-rate="0.5" complexity="0">
							<lines>
								<line number="6" hits="1" branch="true" condition-coverage="50 % (1/2)">
									<conditions>
										<condition number="0" type="jump" coverage="50 %"/>
									</conditions>
								</line>
								<line number="7" hits="0" branch="false"/>
								<line number="9" hits="1" branch="false"/>
							</lines>
						</method>
					</methods>
					<lines>
						<line number="3" hits="1" branch="false"/>
						<line number="6" hits="1" branch="true" condition-coverage="50 % (1/2)">
							<conditions>
								<condition number="0" type="jump" coverage="50 %"/>
							</conditions>
						</line>
						<line number="7" hits="0" branch="false"/>
						<line number="9" hits="1" branch="false"/>
					</lines>
				</class>
			</classes>
		</package>
	</packages>
</coverage>
